2017-10-10 22:10:08.381  INFO 8900 --- [           main] s.c.a.AnnotationConfigApplicationContext : Refreshing org.springframework.context.annotation.AnnotationConfigApplicationContext@368102c8: startup date [Tue Oct 10 22:10:08 EDT 2017]; root of context hierarchy
2017-10-10 22:10:09.210  INFO 8900 --- [           main] f.a.AutowiredAnnotationBeanPostProcessor : JSR-330 'javax.inject.Inject' annotation found and supported for autowiring
2017-10-10 22:10:09.242  INFO 8900 --- [           main] trationDelegate$BeanPostProcessorChecker : Bean 'configurationPropertiesRebinderAutoConfiguration' of type [class org.springframework.cloud.autoconfigure.ConfigurationPropertiesRebinderAutoConfiguration$$EnhancerBySpringCGLIB$$b20ac12] is not eligible for getting processed by all BeanPostProcessors (for example: not eligible for auto-proxying)

  .   ____          _            __ _ _
 /\\ / ___'_ __ _ _(_)_ __  __ _ \ \ \ \
( ( )\___ | '_ | '_| | '_ \/ _` | \ \ \ \
 \\/  ___)| |_)| | | | | || (_| |  ) ) ) )
  '  |____| .__|_| |_|_| |_\__, | / / / /
 =========|_|==============|___/=/_/_/_/
 :: Spring Boot ::        (v1.4.0.RELEASE)

2017-10-10 22:10:09.944  INFO 8900 --- [           main] c.c.c.ConfigServicePropertySourceLocator : Fetching config from server at: http://localhost:8888
2017-10-10 22:10:11.869  INFO 8900 --- [           main] c.c.c.ConfigServicePropertySourceLocator : Located environment: name=data-service, profiles=[default], label=master, version=d0712d2f8583ab57756d873995f9cdcb56b0b03d, state=null
2017-10-10 22:10:11.871  INFO 8900 --- [           main] b.c.PropertySourceBootstrapConfiguration : Located property source: CompositePropertySource [name='configService', propertySources=[MapPropertySource [name='configClient'], MapPropertySource [name='https://github.com/jaswalkiranavtar/pet-store-config-repo/data-service.yml']]]
2017-10-10 22:10:11.882  INFO 8900 --- [           main] com.gaurav.petstore.DataApplication      : No active profile set, falling back to default profiles: default
2017-10-10 22:10:11.929  INFO 8900 --- [           main] ationConfigEmbeddedWebApplicationContext : Refreshing org.springframework.boot.context.embedded.AnnotationConfigEmbeddedWebApplicationContext@dc24521: startup date [Tue Oct 10 22:10:11 EDT 2017]; parent: org.springframework.context.annotation.AnnotationConfigApplicationContext@368102c8
2017-10-10 22:10:13.424  INFO 8900 --- [           main] o.s.b.f.s.DefaultListableBeanFactory     : Overriding bean definition for bean 'petStoreOAuthFilter' with a different definition: replacing [Generic bean: class [com.gaurav.petstore.auth.filter.PetStoreOAuthFilter]; scope=singleton; abstract=false; lazyInit=false; autowireMode=0; dependencyCheck=0; autowireCandidate=true; primary=false; factoryBeanName=null; factoryMethodName=null; initMethodName=null; destroyMethodName=null; defined in URL [jar:file:/C:/Development/pet-store-application/app/services/data/target/data-service.jar!/BOOT-INF/lib/security-0.1-SNAPSHOT.jar!/com/gaurav/petstore/auth/filter/PetStoreOAuthFilter.class]] with [Root bean: class [null]; scope=; abstract=false; lazyInit=false; autowireMode=3; dependencyCheck=0; autowireCandidate=true; primary=false; factoryBeanName=securityConfig; factoryMethodName=petStoreOAuthFilter; initMethodName=null; destroyMethodName=(inferred); defined in class path resource [com/gaurav/petstore/config/SecurityConfig.class]]
2017-10-10 22:10:13.425  INFO 8900 --- [           main] o.s.b.f.s.DefaultListableBeanFactory     : Overriding bean definition for bean 'petStoreTokenFilter' with a different definition: replacing [Generic bean: class [com.gaurav.petstore.auth.filter.PetStoreTokenFilter]; scope=singleton; abstract=false; lazyInit=false; autowireMode=0; dependencyCheck=0; autowireCandidate=true; primary=false; factoryBeanName=null; factoryMethodName=null; initMethodName=null; destroyMethodName=null; defined in URL [jar:file:/C:/Development/pet-store-application/app/services/data/target/data-service.jar!/BOOT-INF/lib/security-0.1-SNAPSHOT.jar!/com/gaurav/petstore/auth/filter/PetStoreTokenFilter.class]] with [Root bean: class [null]; scope=; abstract=false; lazyInit=false; autowireMode=3; dependencyCheck=0; autowireCandidate=true; primary=false; factoryBeanName=securityConfig; factoryMethodName=petStoreTokenFilter; initMethodName=null; destroyMethodName=(inferred); defined in class path resource [com/gaurav/petstore/config/SecurityConfig.class]]
2017-10-10 22:10:13.919  WARN 8900 --- [           main] o.s.c.a.ConfigurationClassPostProcessor  : Cannot enhance @Configuration bean definition 'refreshScope' since its singleton instance has been created too early. The typical cause is a non-static @Bean method with a BeanDefinitionRegistryPostProcessor return type: Consider declaring such methods as 'static'.
2017-10-10 22:10:14.187  INFO 8900 --- [           main] o.s.cloud.context.scope.GenericScope     : BeanFactory id=e7dd02d2-342d-30ce-ba9c-de2f922c101e
2017-10-10 22:10:14.202  INFO 8900 --- [           main] f.a.AutowiredAnnotationBeanPostProcessor : JSR-330 'javax.inject.Inject' annotation found and supported for autowiring
2017-10-10 22:10:14.353  INFO 8900 --- [           main] trationDelegate$BeanPostProcessorChecker : Bean 'org.springframework.cloud.autoconfigure.ConfigurationPropertiesRebinderAutoConfiguration' of type [class org.springframework.cloud.autoconfigure.ConfigurationPropertiesRebinderAutoConfiguration$$EnhancerBySpringCGLIB$$b20ac12] is not eligible for getting processed by all BeanPostProcessors (for example: not eligible for auto-proxying)
2017-10-10 22:10:15.639  INFO 8900 --- [           main] s.b.c.e.t.TomcatEmbeddedServletContainer : Tomcat initialized with port(s): 10001 (http)
2017-10-10 22:10:15.728  INFO 8900 --- [           main] o.apache.catalina.core.StandardService   : Starting service Tomcat
2017-10-10 22:10:15.731  INFO 8900 --- [           main] org.apache.catalina.core.StandardEngine  : Starting Servlet Engine: Apache Tomcat/8.5.4
2017-10-10 22:10:16.078  INFO 8900 --- [ost-startStop-1] o.a.c.c.C.[Tomcat].[localhost].[/]       : Initializing Spring embedded WebApplicationContext
2017-10-10 22:10:16.079  INFO 8900 --- [ost-startStop-1] o.s.web.context.ContextLoader            : Root WebApplicationContext: initialization completed in 4151 ms
2017-10-10 22:10:17.081  INFO 8900 --- [ost-startStop-1] o.s.b.w.servlet.FilterRegistrationBean   : Mapping filter: 'characterEncodingFilter' to: [/*]
2017-10-10 22:10:17.081  INFO 8900 --- [ost-startStop-1] o.s.b.w.servlet.FilterRegistrationBean   : Mapping filter: 'hiddenHttpMethodFilter' to: [/*]
2017-10-10 22:10:17.081  INFO 8900 --- [ost-startStop-1] o.s.b.w.servlet.FilterRegistrationBean   : Mapping filter: 'httpPutFormContentFilter' to: [/*]
2017-10-10 22:10:17.081  INFO 8900 --- [ost-startStop-1] o.s.b.w.servlet.FilterRegistrationBean   : Mapping filter: 'requestContextFilter' to: [/*]
2017-10-10 22:10:17.083  INFO 8900 --- [ost-startStop-1] .s.DelegatingFilterProxyRegistrationBean : Mapping filter: 'springSecurityFilterChain' to: [/*]
2017-10-10 22:10:17.084  INFO 8900 --- [ost-startStop-1] o.s.b.w.servlet.FilterRegistrationBean   : Mapping filter: 'petStoreOAuthFilter' to: [/*]
2017-10-10 22:10:17.084  INFO 8900 --- [ost-startStop-1] o.s.b.w.servlet.FilterRegistrationBean   : Mapping filter: 'petStoreTokenFilter' to: [/*]
2017-10-10 22:10:17.084  INFO 8900 --- [ost-startStop-1] o.s.b.w.servlet.ServletRegistrationBean  : Mapping servlet: 'dispatcherServlet' to [/]
2017-10-10 22:10:17.362  INFO 8900 --- [           main] b.a.s.AuthenticationManagerConfiguration : 

Using default security password: 98a35c1b-9a7e-4b3e-960c-ae6ee1efcbf8

2017-10-10 22:10:17.713  INFO 8900 --- [           main] o.s.s.web.DefaultSecurityFilterChain     : Creating filter chain: org.springframework.security.web.util.matcher.AnyRequestMatcher@1, [org.springframework.security.web.context.request.async.WebAsyncManagerIntegrationFilter@1ff4931d, org.springframework.security.web.context.SecurityContextPersistenceFilter@74e52ef6, org.springframework.security.web.header.HeaderWriterFilter@1fa121e2, org.springframework.security.web.csrf.CsrfFilter@6f03482, org.springframework.security.web.authentication.logout.LogoutFilter@7c6908d7, com.gaurav.petstore.auth.filter.PetStoreOAuthFilter@64921da2, org.springframework.security.web.authentication.UsernamePasswordAuthenticationFilter@710f4dc7, com.gaurav.petstore.auth.filter.PetStoreTokenFilter@30a5a096, org.springframework.security.web.savedrequest.RequestCacheAwareFilter@1a677343, org.springframework.security.web.servletapi.SecurityContextHolderAwareRequestFilter@489115ef, org.springframework.security.web.authentication.AnonymousAuthenticationFilter@65e98b1c, org.springframework.security.web.session.SessionManagementFilter@4116aac9, org.springframework.security.web.access.ExceptionTranslationFilter@179ece50, org.springframework.security.web.access.intercept.FilterSecurityInterceptor@2a5c8d3f]
2017-10-10 22:10:18.364  INFO 8900 --- [           main] s.w.s.m.m.a.RequestMappingHandlerAdapter : Looking for @ControllerAdvice: org.springframework.boot.context.embedded.AnnotationConfigEmbeddedWebApplicationContext@dc24521: startup date [Tue Oct 10 22:10:11 EDT 2017]; parent: org.springframework.context.annotation.AnnotationConfigApplicationContext@368102c8
2017-10-10 22:10:18.545  INFO 8900 --- [           main] s.w.s.m.m.a.RequestMappingHandlerMapping : Mapped "{[/data],methods=[GET]}" onto public com.gaurav.petstore.pojo.PetStoreData com.gaurav.petstore.controller.Controller.data()
2017-10-10 22:10:18.548  INFO 8900 --- [           main] s.w.s.m.m.a.RequestMappingHandlerMapping : Mapped "{[/error]}" onto public org.springframework.http.ResponseEntity<java.util.Map<java.lang.String, java.lang.Object>> org.springframework.boot.autoconfigure.web.BasicErrorController.error(javax.servlet.http.HttpServletRequest)
2017-10-10 22:10:18.549  INFO 8900 --- [           main] s.w.s.m.m.a.RequestMappingHandlerMapping : Mapped "{[/error],produces=[text/html]}" onto public org.springframework.web.servlet.ModelAndView org.springframework.boot.autoconfigure.web.BasicErrorController.errorHtml(javax.servlet.http.HttpServletRequest,javax.servlet.http.HttpServletResponse)
2017-10-10 22:10:18.571  INFO 8900 --- [           main] o.s.w.s.handler.SimpleUrlHandlerMapping  : Mapped URL path [/login] onto handler of type [class org.springframework.web.servlet.mvc.ParameterizableViewController]
2017-10-10 22:10:18.590  INFO 8900 --- [           main] o.s.w.s.handler.SimpleUrlHandlerMapping  : Mapped URL path [/webjars/**] onto handler of type [class org.springframework.web.servlet.resource.ResourceHttpRequestHandler]
2017-10-10 22:10:18.590  INFO 8900 --- [           main] o.s.w.s.handler.SimpleUrlHandlerMapping  : Mapped URL path [/**] onto handler of type [class org.springframework.web.servlet.resource.ResourceHttpRequestHandler]
2017-10-10 22:10:18.661  INFO 8900 --- [           main] o.s.w.s.handler.SimpleUrlHandlerMapping  : Mapped URL path [/**/favicon.ico] onto handler of type [class org.springframework.web.servlet.resource.ResourceHttpRequestHandler]
2017-10-10 22:10:21.023  WARN 8900 --- [           main] c.n.c.sources.URLConfigurationSource     : No URLs will be polled as dynamic configuration sources.
2017-10-10 22:10:21.023  INFO 8900 --- [           main] c.n.c.sources.URLConfigurationSource     : To enable URLs as dynamic configuration sources, define System property archaius.configurationSource.additionalUrls or make config.properties available on classpath.
2017-10-10 22:10:21.081  WARN 8900 --- [           main] c.n.c.sources.URLConfigurationSource     : No URLs will be polled as dynamic configuration sources.
2017-10-10 22:10:21.081  INFO 8900 --- [           main] c.n.c.sources.URLConfigurationSource     : To enable URLs as dynamic configuration sources, define System property archaius.configurationSource.additionalUrls or make config.properties available on classpath.
2017-10-10 22:10:21.172  INFO 8900 --- [           main] o.s.j.e.a.AnnotationMBeanExporter        : Registering beans for JMX exposure on startup
2017-10-10 22:10:21.184  INFO 8900 --- [           main] o.s.j.e.a.AnnotationMBeanExporter        : Bean with name 'refreshScope' has been autodetected for JMX exposure
2017-10-10 22:10:21.184  INFO 8900 --- [           main] o.s.j.e.a.AnnotationMBeanExporter        : Bean with name 'environmentManager' has been autodetected for JMX exposure
2017-10-10 22:10:21.185  INFO 8900 --- [           main] o.s.j.e.a.AnnotationMBeanExporter        : Bean with name 'configurationPropertiesRebinder' has been autodetected for JMX exposure
2017-10-10 22:10:21.189  INFO 8900 --- [           main] o.s.j.e.a.AnnotationMBeanExporter        : Located managed bean 'environmentManager': registering with JMX server as MBean [org.springframework.cloud.context.environment:name=environmentManager,type=EnvironmentManager]
2017-10-10 22:10:21.269  INFO 8900 --- [           main] o.s.j.e.a.AnnotationMBeanExporter        : Located managed bean 'refreshScope': registering with JMX server as MBean [org.springframework.cloud.context.scope.refresh:name=refreshScope,type=RefreshScope]
2017-10-10 22:10:21.285  INFO 8900 --- [           main] o.s.j.e.a.AnnotationMBeanExporter        : Located managed bean 'configurationPropertiesRebinder': registering with JMX server as MBean [org.springframework.cloud.context.properties:name=configurationPropertiesRebinder,context=dc24521,type=ConfigurationPropertiesRebinder]
2017-10-10 22:10:21.526  INFO 8900 --- [           main] o.s.c.support.DefaultLifecycleProcessor  : Starting beans in phase 0
2017-10-10 22:10:21.537  INFO 8900 --- [           main] o.s.c.n.eureka.InstanceInfoFactory       : Setting initial instance status as: STARTING
2017-10-10 22:10:30.494  INFO 8900 --- [           main] c.n.d.provider.DiscoveryJerseyProvider   : Using JSON encoding codec LegacyJacksonJson
2017-10-10 22:10:30.589  INFO 8900 --- [           main] c.n.d.provider.DiscoveryJerseyProvider   : Using JSON decoding codec LegacyJacksonJson
2017-10-10 22:10:33.605  INFO 8900 --- [           main] c.n.d.provider.DiscoveryJerseyProvider   : Using XML encoding codec XStreamXml
2017-10-10 22:10:33.605  INFO 8900 --- [           main] c.n.d.provider.DiscoveryJerseyProvider   : Using XML decoding codec XStreamXml
2017-10-10 22:10:35.989  INFO 8900 --- [           main] c.n.d.s.r.aws.ConfigClusterResolver      : Resolving eureka endpoints via configuration
2017-10-10 22:10:36.906  INFO 8900 --- [           main] com.netflix.discovery.DiscoveryClient    : Disable delta property : false
2017-10-10 22:10:36.906  INFO 8900 --- [           main] com.netflix.discovery.DiscoveryClient    : Single vip registry refresh property : null
2017-10-10 22:10:36.906  INFO 8900 --- [           main] com.netflix.discovery.DiscoveryClient    : Force full registry fetch : false
2017-10-10 22:10:36.906  INFO 8900 --- [           main] com.netflix.discovery.DiscoveryClient    : Application is null : false
2017-10-10 22:10:36.906  INFO 8900 --- [           main] com.netflix.discovery.DiscoveryClient    : Registered Applications size is zero : true
2017-10-10 22:10:36.906  INFO 8900 --- [           main] com.netflix.discovery.DiscoveryClient    : Application version is -1: true
2017-10-10 22:10:36.906  INFO 8900 --- [           main] com.netflix.discovery.DiscoveryClient    : Getting all instance registry info from the eureka server
2017-10-10 22:10:39.504  INFO 8900 --- [           main] com.netflix.discovery.DiscoveryClient    : The response status is 200
2017-10-10 22:10:39.506  INFO 8900 --- [           main] com.netflix.discovery.DiscoveryClient    : Starting heartbeat executor: renew interval is: 30
2017-10-10 22:10:39.509  INFO 8900 --- [           main] c.n.discovery.InstanceInfoReplicator     : InstanceInfoReplicator onDemand update allowed rate per min is 4
2017-10-10 22:10:39.512  INFO 8900 --- [           main] com.netflix.discovery.DiscoveryClient    : Discovery Client initialized at timestamp 1507687839512 with initial instances count: 6
2017-10-10 22:10:39.627  INFO 8900 --- [           main] c.n.e.EurekaDiscoveryClientConfiguration : Registering application data-service with eureka with status UP
2017-10-10 22:10:39.628  INFO 8900 --- [           main] com.netflix.discovery.DiscoveryClient    : Saw local status change event StatusChangeEvent [timestamp=1507687839628, current=UP, previous=STARTING]
2017-10-10 22:10:39.630  INFO 8900 --- [nfoReplicator-0] com.netflix.discovery.DiscoveryClient    : DiscoveryClient_DATA-SERVICE/DESKTOP-AB80SJP:data-service:10001: registering service...
2017-10-10 22:10:39.931  INFO 8900 --- [nfoReplicator-0] com.netflix.discovery.DiscoveryClient    : DiscoveryClient_DATA-SERVICE/DESKTOP-AB80SJP:data-service:10001 - registration status: 204
2017-10-10 22:10:40.312 ERROR 8900 --- [           main] o.a.coyote.http11.Http11NioProtocol      : Failed to start end point associated with ProtocolHandler [http-nio-10001]

java.net.BindException: Address already in use: bind
	at sun.nio.ch.Net.bind0(Native Method) ~[na:1.8.0_101]
	at sun.nio.ch.Net.bind(Net.java:433) ~[na:1.8.0_101]
	at sun.nio.ch.Net.bind(Net.java:425) ~[na:1.8.0_101]
	at sun.nio.ch.ServerSocketChannelImpl.bind(ServerSocketChannelImpl.java:223) ~[na:1.8.0_101]
	at sun.nio.ch.ServerSocketAdaptor.bind(ServerSocketAdaptor.java:74) ~[na:1.8.0_101]
	at org.apache.tomcat.util.net.NioEndpoint.bind(NioEndpoint.java:229) ~[tomcat-embed-core-8.5.4.jar!/:8.5.4]
	at org.apache.tomcat.util.net.AbstractEndpoint.start(AbstractEndpoint.java:874) ~[tomcat-embed-core-8.5.4.jar!/:8.5.4]
	at org.apache.coyote.AbstractProtocol.start(AbstractProtocol.java:573) ~[tomcat-embed-core-8.5.4.jar!/:8.5.4]
	at org.apache.catalina.connector.Connector.startInternal(Connector.java:1035) [tomcat-embed-core-8.5.4.jar!/:8.5.4]
	at org.apache.catalina.util.LifecycleBase.start(LifecycleBase.java:152) [tomcat-embed-core-8.5.4.jar!/:8.5.4]
	at org.apache.catalina.core.StandardService.addConnector(StandardService.java:225) [tomcat-embed-core-8.5.4.jar!/:8.5.4]
	at org.springframework.boot.context.embedded.tomcat.TomcatEmbeddedServletContainer.addPreviouslyRemovedConnectors(TomcatEmbeddedServletContainer.java:234) [spring-boot-1.4.0.RELEASE.jar!/:1.4.0.RELEASE]
	at org.springframework.boot.context.embedded.tomcat.TomcatEmbeddedServletContainer.start(TomcatEmbeddedServletContainer.java:179) [spring-boot-1.4.0.RELEASE.jar!/:1.4.0.RELEASE]
	at org.springframework.boot.context.embedded.EmbeddedWebApplicationContext.startEmbeddedServletContainer(EmbeddedWebApplicationContext.java:297) [spring-boot-1.4.0.RELEASE.jar!/:1.4.0.RELEASE]
	at org.springframework.boot.context.embedded.EmbeddedWebApplicationContext.finishRefresh(EmbeddedWebApplicationContext.java:145) [spring-boot-1.4.0.RELEASE.jar!/:1.4.0.RELEASE]
	at org.springframework.context.support.AbstractApplicationContext.refresh(AbstractApplicationContext.java:544) [spring-context-4.3.2.RELEASE.jar!/:4.3.2.RELEASE]
	at org.springframework.boot.context.embedded.EmbeddedWebApplicationContext.refresh(EmbeddedWebApplicationContext.java:122) [spring-boot-1.4.0.RELEASE.jar!/:1.4.0.RELEASE]
	at org.springframework.boot.SpringApplication.refresh(SpringApplication.java:759) [spring-boot-1.4.0.RELEASE.jar!/:1.4.0.RELEASE]
	at org.springframework.boot.SpringApplication.refreshContext(SpringApplication.java:369) [spring-boot-1.4.0.RELEASE.jar!/:1.4.0.RELEASE]
	at org.springframework.boot.SpringApplication.run(SpringApplication.java:313) [spring-boot-1.4.0.RELEASE.jar!/:1.4.0.RELEASE]
	at org.springframework.boot.SpringApplication.run(SpringApplication.java:1185) [spring-boot-1.4.0.RELEASE.jar!/:1.4.0.RELEASE]
	at org.springframework.boot.SpringApplication.run(SpringApplication.java:1174) [spring-boot-1.4.0.RELEASE.jar!/:1.4.0.RELEASE]
	at com.gaurav.petstore.DataApplication.main(DataApplication.java:16) [classes!/:0.1-SNAPSHOT]
	at sun.reflect.NativeMethodAccessorImpl.invoke0(Native Method) ~[na:1.8.0_101]
	at sun.reflect.NativeMethodAccessorImpl.invoke(NativeMethodAccessorImpl.java:62) ~[na:1.8.0_101]
	at sun.reflect.DelegatingMethodAccessorImpl.invoke(DelegatingMethodAccessorImpl.java:43) ~[na:1.8.0_101]
	at java.lang.reflect.Method.invoke(Method.java:498) ~[na:1.8.0_101]
	at org.springframework.boot.loader.MainMethodRunner.run(MainMethodRunner.java:48) [data-service.jar:0.1-SNAPSHOT]
	at org.springframework.boot.loader.Launcher.launch(Launcher.java:87) [data-service.jar:0.1-SNAPSHOT]
	at org.springframework.boot.loader.Launcher.launch(Launcher.java:50) [data-service.jar:0.1-SNAPSHOT]
	at org.springframework.boot.loader.JarLauncher.main(JarLauncher.java:58) [data-service.jar:0.1-SNAPSHOT]

2017-10-10 22:10:40.314 ERROR 8900 --- [           main] o.apache.catalina.core.StandardService   : Failed to start connector [Connector[HTTP/1.1-10001]]

org.apache.catalina.LifecycleException: Failed to start component [Connector[HTTP/1.1-10001]]
	at org.apache.catalina.util.LifecycleBase.start(LifecycleBase.java:158) ~[tomcat-embed-core-8.5.4.jar!/:8.5.4]
	at org.apache.catalina.core.StandardService.addConnector(StandardService.java:225) ~[tomcat-embed-core-8.5.4.jar!/:8.5.4]
	at org.springframework.boot.context.embedded.tomcat.TomcatEmbeddedServletContainer.addPreviouslyRemovedConnectors(TomcatEmbeddedServletContainer.java:234) [spring-boot-1.4.0.RELEASE.jar!/:1.4.0.RELEASE]
	at org.springframework.boot.context.embedded.tomcat.TomcatEmbeddedServletContainer.start(TomcatEmbeddedServletContainer.java:179) [spring-boot-1.4.0.RELEASE.jar!/:1.4.0.RELEASE]
	at org.springframework.boot.context.embedded.EmbeddedWebApplicationContext.startEmbeddedServletContainer(EmbeddedWebApplicationContext.java:297) [spring-boot-1.4.0.RELEASE.jar!/:1.4.0.RELEASE]
	at org.springframework.boot.context.embedded.EmbeddedWebApplicationContext.finishRefresh(EmbeddedWebApplicationContext.java:145) [spring-boot-1.4.0.RELEASE.jar!/:1.4.0.RELEASE]
	at org.springframework.context.support.AbstractApplicationContext.refresh(AbstractApplicationContext.java:544) [spring-context-4.3.2.RELEASE.jar!/:4.3.2.RELEASE]
	at org.springframework.boot.context.embedded.EmbeddedWebApplicationContext.refresh(EmbeddedWebApplicationContext.java:122) [spring-boot-1.4.0.RELEASE.jar!/:1.4.0.RELEASE]
	at org.springframework.boot.SpringApplication.refresh(SpringApplication.java:759) [spring-boot-1.4.0.RELEASE.jar!/:1.4.0.RELEASE]
	at org.springframework.boot.SpringApplication.refreshContext(SpringApplication.java:369) [spring-boot-1.4.0.RELEASE.jar!/:1.4.0.RELEASE]
	at org.springframework.boot.SpringApplication.run(SpringApplication.java:313) [spring-boot-1.4.0.RELEASE.jar!/:1.4.0.RELEASE]
	at org.springframework.boot.SpringApplication.run(SpringApplication.java:1185) [spring-boot-1.4.0.RELEASE.jar!/:1.4.0.RELEASE]
	at org.springframework.boot.SpringApplication.run(SpringApplication.java:1174) [spring-boot-1.4.0.RELEASE.jar!/:1.4.0.RELEASE]
	at com.gaurav.petstore.DataApplication.main(DataApplication.java:16) [classes!/:0.1-SNAPSHOT]
	at sun.reflect.NativeMethodAccessorImpl.invoke0(Native Method) ~[na:1.8.0_101]
	at sun.reflect.NativeMethodAccessorImpl.invoke(NativeMethodAccessorImpl.java:62) ~[na:1.8.0_101]
	at sun.reflect.DelegatingMethodAccessorImpl.invoke(DelegatingMethodAccessorImpl.java:43) ~[na:1.8.0_101]
	at java.lang.reflect.Method.invoke(Method.java:498) ~[na:1.8.0_101]
	at org.springframework.boot.loader.MainMethodRunner.run(MainMethodRunner.java:48) [data-service.jar:0.1-SNAPSHOT]
	at org.springframework.boot.loader.Launcher.launch(Launcher.java:87) [data-service.jar:0.1-SNAPSHOT]
	at org.springframework.boot.loader.Launcher.launch(Launcher.java:50) [data-service.jar:0.1-SNAPSHOT]
	at org.springframework.boot.loader.JarLauncher.main(JarLauncher.java:58) [data-service.jar:0.1-SNAPSHOT]
Caused by: org.apache.catalina.LifecycleException: service.getName(): "Tomcat";  Protocol handler start failed
	at org.apache.catalina.connector.Connector.startInternal(Connector.java:1042) ~[tomcat-embed-core-8.5.4.jar!/:8.5.4]
	at org.apache.catalina.util.LifecycleBase.start(LifecycleBase.java:152) ~[tomcat-embed-core-8.5.4.jar!/:8.5.4]
	... 21 common frames omitted
Caused by: java.net.BindException: Address already in use: bind
	at sun.nio.ch.Net.bind0(Native Method) ~[na:1.8.0_101]
	at sun.nio.ch.Net.bind(Net.java:433) ~[na:1.8.0_101]
	at sun.nio.ch.Net.bind(Net.java:425) ~[na:1.8.0_101]
	at sun.nio.ch.ServerSocketChannelImpl.bind(ServerSocketChannelImpl.java:223) ~[na:1.8.0_101]
	at sun.nio.ch.ServerSocketAdaptor.bind(ServerSocketAdaptor.java:74) ~[na:1.8.0_101]
	at org.apache.tomcat.util.net.NioEndpoint.bind(NioEndpoint.java:229) ~[tomcat-embed-core-8.5.4.jar!/:8.5.4]
	at org.apache.tomcat.util.net.AbstractEndpoint.start(AbstractEndpoint.java:874) ~[tomcat-embed-core-8.5.4.jar!/:8.5.4]
	at org.apache.coyote.AbstractProtocol.start(AbstractProtocol.java:573) ~[tomcat-embed-core-8.5.4.jar!/:8.5.4]
	at org.apache.catalina.connector.Connector.startInternal(Connector.java:1035) ~[tomcat-embed-core-8.5.4.jar!/:8.5.4]
	... 22 common frames omitted

2017-10-10 22:10:40.323  INFO 8900 --- [           main] o.apache.catalina.core.StandardService   : Stopping service Tomcat
2017-10-10 22:10:40.842  INFO 8900 --- [           main] utoConfigurationReportLoggingInitializer : 

Error starting ApplicationContext. To display the auto-configuration report enable debug logging (start with --debug)


2017-10-10 22:10:40.942 ERROR 8900 --- [           main] o.s.b.d.LoggingFailureAnalysisReporter   : 

***************************
APPLICATION FAILED TO START
***************************

Description:

Embedded servlet container failed to start. Port 10001 was already in use.

Action:

Identify and stop the process that's listening on port 10001 or configure this application to listen on another port.

2017-10-10 22:10:40.983  INFO 8900 --- [           main] ationConfigEmbeddedWebApplicationContext : Closing org.springframework.boot.context.embedded.AnnotationConfigEmbeddedWebApplicationContext@dc24521: startup date [Tue Oct 10 22:10:11 EDT 2017]; parent: org.springframework.context.annotation.AnnotationConfigApplicationContext@368102c8
2017-10-10 22:10:40.984  INFO 8900 --- [           main] c.n.e.EurekaDiscoveryClientConfiguration : Unregistering application data-service with eureka with status DOWN
2017-10-10 22:10:40.984  WARN 8900 --- [           main] com.netflix.discovery.DiscoveryClient    : Saw local status change event StatusChangeEvent [timestamp=1507687840984, current=DOWN, previous=UP]
2017-10-10 22:10:40.984  INFO 8900 --- [nfoReplicator-0] com.netflix.discovery.DiscoveryClient    : DiscoveryClient_DATA-SERVICE/DESKTOP-AB80SJP:data-service:10001: registering service...
2017-10-10 22:10:40.984  INFO 8900 --- [           main] com.netflix.discovery.DiscoveryClient    : Shutting down DiscoveryClient ...
2017-10-10 22:10:40.984  INFO 8900 --- [           main] com.netflix.discovery.DiscoveryClient    : Unregistering ...
2017-10-10 22:10:40.990  INFO 8900 --- [nfoReplicator-0] com.netflix.discovery.DiscoveryClient    : DiscoveryClient_DATA-SERVICE/DESKTOP-AB80SJP:data-service:10001 - registration status: 204
2017-10-10 22:10:41.191  INFO 8900 --- [           main] com.netflix.discovery.DiscoveryClient    : DiscoveryClient_DATA-SERVICE/DESKTOP-AB80SJP:data-service:10001 - deregister  status: 200
2017-10-10 22:10:41.402  INFO 8900 --- [           main] com.netflix.discovery.DiscoveryClient    : Completed shut down of DiscoveryClient
2017-10-10 22:10:41.403  INFO 8900 --- [           main] o.s.c.support.DefaultLifecycleProcessor  : Stopping beans in phase 0
2017-10-10 22:10:41.557  INFO 8900 --- [           main] o.s.j.e.a.AnnotationMBeanExporter        : Unregistering JMX-exposed beans on shutdown
2017-10-10 22:10:41.557  INFO 8900 --- [           main] o.s.j.e.a.AnnotationMBeanExporter        : Unregistering JMX-exposed beans
