2017-10-15 17:59:05.447  INFO 9148 --- [           main] s.c.a.AnnotationConfigApplicationContext : Refreshing org.springframework.context.annotation.AnnotationConfigApplicationContext@383534aa: startup date [Sun Oct 15 17:59:05 EDT 2017]; root of context hierarchy
2017-10-15 17:59:06.618  INFO 9148 --- [           main] f.a.AutowiredAnnotationBeanPostProcessor : JSR-330 'javax.inject.Inject' annotation found and supported for autowiring
2017-10-15 17:59:06.669  INFO 9148 --- [           main] trationDelegate$BeanPostProcessorChecker : Bean 'configurationPropertiesRebinderAutoConfiguration' of type [class org.springframework.cloud.autoconfigure.ConfigurationPropertiesRebinderAutoConfiguration$$EnhancerBySpringCGLIB$$dfe351f9] is not eligible for getting processed by all BeanPostProcessors (for example: not eligible for auto-proxying)

  .   ____          _            __ _ _
 /\\ / ___'_ __ _ _(_)_ __  __ _ \ \ \ \
( ( )\___ | '_ | '_| | '_ \/ _` | \ \ \ \
 \\/  ___)| |_)| | | | | || (_| |  ) ) ) )
  '  |____| .__|_| |_|_| |_\__, | / / / /
 =========|_|==============|___/=/_/_/_/
 :: Spring Boot ::        (v1.4.0.RELEASE)

2017-10-15 17:59:07.348  INFO 9148 --- [           main] c.g.petstore.DiscoveryServerApplication  : The following profiles are active: discovery2
2017-10-15 17:59:07.387  INFO 9148 --- [           main] ationConfigEmbeddedWebApplicationContext : Refreshing org.springframework.boot.context.embedded.AnnotationConfigEmbeddedWebApplicationContext@17550481: startup date [Sun Oct 15 17:59:07 EDT 2017]; parent: org.springframework.context.annotation.AnnotationConfigApplicationContext@383534aa
2017-10-15 17:59:09.910  WARN 9148 --- [           main] o.s.c.a.ConfigurationClassPostProcessor  : Cannot enhance @Configuration bean definition 'refreshScope' since its singleton instance has been created too early. The typical cause is a non-static @Bean method with a BeanDefinitionRegistryPostProcessor return type: Consider declaring such methods as 'static'.
2017-10-15 17:59:10.150  INFO 9148 --- [           main] o.s.cloud.context.scope.GenericScope     : BeanFactory id=30cc245d-10f4-3b4f-ae97-d7b432afb176
2017-10-15 17:59:10.163  INFO 9148 --- [           main] f.a.AutowiredAnnotationBeanPostProcessor : JSR-330 'javax.inject.Inject' annotation found and supported for autowiring
2017-10-15 17:59:10.310  INFO 9148 --- [           main] trationDelegate$BeanPostProcessorChecker : Bean 'org.springframework.cloud.autoconfigure.ConfigurationPropertiesRebinderAutoConfiguration' of type [class org.springframework.cloud.autoconfigure.ConfigurationPropertiesRebinderAutoConfiguration$$EnhancerBySpringCGLIB$$dfe351f9] is not eligible for getting processed by all BeanPostProcessors (for example: not eligible for auto-proxying)
2017-10-15 17:59:11.375  INFO 9148 --- [           main] s.b.c.e.t.TomcatEmbeddedServletContainer : Tomcat initialized with port(s): 8762 (http)
2017-10-15 17:59:11.445  INFO 9148 --- [           main] o.apache.catalina.core.StandardService   : Starting service Tomcat
2017-10-15 17:59:11.449  INFO 9148 --- [           main] org.apache.catalina.core.StandardEngine  : Starting Servlet Engine: Apache Tomcat/8.5.4
2017-10-15 17:59:11.810  INFO 9148 --- [ost-startStop-1] o.a.c.c.C.[Tomcat].[localhost].[/]       : Initializing Spring embedded WebApplicationContext
2017-10-15 17:59:11.811  INFO 9148 --- [ost-startStop-1] o.s.web.context.ContextLoader            : Root WebApplicationContext: initialization completed in 4424 ms
2017-10-15 17:59:13.000  INFO 9148 --- [ost-startStop-1] o.s.b.w.servlet.FilterRegistrationBean   : Mapping filter: 'metricFilter' to: [/*]
2017-10-15 17:59:13.001  INFO 9148 --- [ost-startStop-1] o.s.b.w.servlet.FilterRegistrationBean   : Mapping filter: 'characterEncodingFilter' to: [/*]
2017-10-15 17:59:13.001  INFO 9148 --- [ost-startStop-1] o.s.b.w.servlet.FilterRegistrationBean   : Mapping filter: 'hiddenHttpMethodFilter' to: [/*]
2017-10-15 17:59:13.001  INFO 9148 --- [ost-startStop-1] o.s.b.w.servlet.FilterRegistrationBean   : Mapping filter: 'httpPutFormContentFilter' to: [/*]
2017-10-15 17:59:13.002  INFO 9148 --- [ost-startStop-1] o.s.b.w.servlet.FilterRegistrationBean   : Mapping filter: 'requestContextFilter' to: [/*]
2017-10-15 17:59:13.002  INFO 9148 --- [ost-startStop-1] o.s.b.c.embedded.FilterRegistrationBean  : Mapping filter: 'webRequestTraceFilter' to: [/*]
2017-10-15 17:59:13.002  INFO 9148 --- [ost-startStop-1] o.s.b.c.embedded.FilterRegistrationBean  : Mapping filter: 'servletContainer' to urls: [/eureka/*]
2017-10-15 17:59:13.002  INFO 9148 --- [ost-startStop-1] o.s.b.w.servlet.FilterRegistrationBean   : Mapping filter: 'applicationContextIdFilter' to: [/*]
2017-10-15 17:59:13.002  INFO 9148 --- [ost-startStop-1] o.s.b.w.servlet.ServletRegistrationBean  : Mapping servlet: 'dispatcherServlet' to [/]
2017-10-15 17:59:13.188  INFO 9148 --- [ost-startStop-1] c.s.j.s.i.a.WebApplicationImpl           : Initiating Jersey application, version 'Jersey: 1.19.1 03/11/2016 02:08 PM'
2017-10-15 17:59:13.371  INFO 9148 --- [ost-startStop-1] c.n.d.provider.DiscoveryJerseyProvider   : Using JSON encoding codec LegacyJacksonJson
2017-10-15 17:59:13.374  INFO 9148 --- [ost-startStop-1] c.n.d.provider.DiscoveryJerseyProvider   : Using JSON decoding codec LegacyJacksonJson
2017-10-15 17:59:13.616  INFO 9148 --- [ost-startStop-1] c.n.d.provider.DiscoveryJerseyProvider   : Using XML encoding codec XStreamXml
2017-10-15 17:59:13.616  INFO 9148 --- [ost-startStop-1] c.n.d.provider.DiscoveryJerseyProvider   : Using XML decoding codec XStreamXml
2017-10-15 17:59:14.290  INFO 9148 --- [           main] o.s.c.n.eureka.InstanceInfoFactory       : Setting initial instance status as: STARTING
2017-10-15 17:59:14.554  INFO 9148 --- [           main] c.n.d.provider.DiscoveryJerseyProvider   : Using JSON encoding codec LegacyJacksonJson
2017-10-15 17:59:14.554  INFO 9148 --- [           main] c.n.d.provider.DiscoveryJerseyProvider   : Using JSON decoding codec LegacyJacksonJson
2017-10-15 17:59:14.554  INFO 9148 --- [           main] c.n.d.provider.DiscoveryJerseyProvider   : Using XML encoding codec XStreamXml
2017-10-15 17:59:14.555  INFO 9148 --- [           main] c.n.d.provider.DiscoveryJerseyProvider   : Using XML decoding codec XStreamXml
2017-10-15 17:59:14.696  INFO 9148 --- [           main] c.n.d.s.r.aws.ConfigClusterResolver      : Resolving eureka endpoints via configuration
2017-10-15 17:59:14.768  INFO 9148 --- [           main] com.netflix.discovery.DiscoveryClient    : Disable delta property : false
2017-10-15 17:59:14.768  INFO 9148 --- [           main] com.netflix.discovery.DiscoveryClient    : Single vip registry refresh property : null
2017-10-15 17:59:14.768  INFO 9148 --- [           main] com.netflix.discovery.DiscoveryClient    : Force full registry fetch : false
2017-10-15 17:59:14.768  INFO 9148 --- [           main] com.netflix.discovery.DiscoveryClient    : Application is null : false
2017-10-15 17:59:14.768  INFO 9148 --- [           main] com.netflix.discovery.DiscoveryClient    : Registered Applications size is zero : true
2017-10-15 17:59:14.768  INFO 9148 --- [           main] com.netflix.discovery.DiscoveryClient    : Application version is -1: true
2017-10-15 17:59:14.768  INFO 9148 --- [           main] com.netflix.discovery.DiscoveryClient    : Getting all instance registry info from the eureka server
2017-10-15 17:59:14.972  INFO 9148 --- [           main] com.netflix.discovery.DiscoveryClient    : The response status is 200
2017-10-15 17:59:14.974  INFO 9148 --- [           main] com.netflix.discovery.DiscoveryClient    : Starting heartbeat executor: renew interval is: 30
2017-10-15 17:59:14.978  INFO 9148 --- [           main] c.n.discovery.InstanceInfoReplicator     : InstanceInfoReplicator onDemand update allowed rate per min is 4
2017-10-15 17:59:14.982  INFO 9148 --- [           main] com.netflix.discovery.DiscoveryClient    : Discovery Client initialized at timestamp 1508104754981 with initial instances count: 0
2017-10-15 17:59:15.103  INFO 9148 --- [           main] c.n.eureka.DefaultEurekaServerContext    : Initializing ...
2017-10-15 17:59:15.105  INFO 9148 --- [           main] c.n.eureka.cluster.PeerEurekaNodes       : Adding new peer nodes [http://localhost:8761/eureka/]
2017-10-15 17:59:15.114  INFO 9148 --- [           main] c.n.d.provider.DiscoveryJerseyProvider   : Using JSON encoding codec LegacyJacksonJson
2017-10-15 17:59:15.114  INFO 9148 --- [           main] c.n.d.provider.DiscoveryJerseyProvider   : Using JSON decoding codec LegacyJacksonJson
2017-10-15 17:59:15.114  INFO 9148 --- [           main] c.n.d.provider.DiscoveryJerseyProvider   : Using XML encoding codec XStreamXml
2017-10-15 17:59:15.115  INFO 9148 --- [           main] c.n.d.provider.DiscoveryJerseyProvider   : Using XML decoding codec XStreamXml
2017-10-15 17:59:15.244  INFO 9148 --- [           main] c.n.eureka.cluster.PeerEurekaNodes       : Replica node URL:  http://localhost:8761/eureka/
2017-10-15 17:59:15.259  INFO 9148 --- [           main] c.n.e.registry.AbstractInstanceRegistry  : Finished initializing remote region registries. All known remote regions: []
2017-10-15 17:59:15.260  INFO 9148 --- [           main] c.n.eureka.DefaultEurekaServerContext    : Initialized
2017-10-15 17:59:16.069  INFO 9148 --- [           main] s.w.s.m.m.a.RequestMappingHandlerAdapter : Looking for @ControllerAdvice: org.springframework.boot.context.embedded.AnnotationConfigEmbeddedWebApplicationContext@17550481: startup date [Sun Oct 15 17:59:07 EDT 2017]; parent: org.springframework.context.annotation.AnnotationConfigApplicationContext@383534aa
2017-10-15 17:59:16.315  INFO 9148 --- [           main] s.w.s.m.m.a.RequestMappingHandlerMapping : Mapped "{[/],methods=[GET]}" onto public java.lang.String org.springframework.cloud.netflix.eureka.server.EurekaController.status(javax.servlet.http.HttpServletRequest,java.util.Map<java.lang.String, java.lang.Object>)
2017-10-15 17:59:16.317  INFO 9148 --- [           main] s.w.s.m.m.a.RequestMappingHandlerMapping : Mapped "{[/lastn],methods=[GET]}" onto public java.lang.String org.springframework.cloud.netflix.eureka.server.EurekaController.lastn(javax.servlet.http.HttpServletRequest,java.util.Map<java.lang.String, java.lang.Object>)
2017-10-15 17:59:16.319  INFO 9148 --- [           main] s.w.s.m.m.a.RequestMappingHandlerMapping : Mapped "{[/error]}" onto public org.springframework.http.ResponseEntity<java.util.Map<java.lang.String, java.lang.Object>> org.springframework.boot.autoconfigure.web.BasicErrorController.error(javax.servlet.http.HttpServletRequest)
2017-10-15 17:59:16.319  INFO 9148 --- [           main] s.w.s.m.m.a.RequestMappingHandlerMapping : Mapped "{[/error],produces=[text/html]}" onto public org.springframework.web.servlet.ModelAndView org.springframework.boot.autoconfigure.web.BasicErrorController.errorHtml(javax.servlet.http.HttpServletRequest,javax.servlet.http.HttpServletResponse)
2017-10-15 17:59:16.378  INFO 9148 --- [           main] o.s.w.s.handler.SimpleUrlHandlerMapping  : Mapped URL path [/webjars/**] onto handler of type [class org.springframework.web.servlet.resource.ResourceHttpRequestHandler]
2017-10-15 17:59:16.378  INFO 9148 --- [           main] o.s.w.s.handler.SimpleUrlHandlerMapping  : Mapped URL path [/**] onto handler of type [class org.springframework.web.servlet.resource.ResourceHttpRequestHandler]
2017-10-15 17:59:16.447  INFO 9148 --- [           main] o.s.w.s.handler.SimpleUrlHandlerMapping  : Mapped URL path [/**/favicon.ico] onto handler of type [class org.springframework.web.servlet.resource.ResourceHttpRequestHandler]
2017-10-15 17:59:17.779  INFO 9148 --- [           main] o.s.b.a.e.mvc.EndpointHandlerMapping     : Mapped "{[/trace || /trace.json],methods=[GET],produces=[application/json]}" onto public java.lang.Object org.springframework.boot.actuate.endpoint.mvc.EndpointMvcAdapter.invoke()
2017-10-15 17:59:17.780  INFO 9148 --- [           main] o.s.b.a.e.mvc.EndpointHandlerMapping     : Mapped "{[/restart || /restart.json],methods=[POST]}" onto public java.lang.Object org.springframework.cloud.context.restart.RestartMvcEndpoint.invoke()
2017-10-15 17:59:17.781  INFO 9148 --- [           main] o.s.b.a.e.mvc.EndpointHandlerMapping     : Mapped "{[/env],methods=[POST]}" onto public java.lang.Object org.springframework.cloud.context.environment.EnvironmentManagerMvcEndpoint.value(java.util.Map<java.lang.String, java.lang.String>)
2017-10-15 17:59:17.781  INFO 9148 --- [           main] o.s.b.a.e.mvc.EndpointHandlerMapping     : Mapped "{[/env/reset],methods=[POST]}" onto public java.util.Map<java.lang.String, java.lang.Object> org.springframework.cloud.context.environment.EnvironmentManagerMvcEndpoint.reset()
2017-10-15 17:59:17.782  INFO 9148 --- [           main] o.s.b.a.e.mvc.EndpointHandlerMapping     : Mapped "{[/dump || /dump.json],methods=[GET],produces=[application/json]}" onto public java.lang.Object org.springframework.boot.actuate.endpoint.mvc.EndpointMvcAdapter.invoke()
2017-10-15 17:59:17.783  INFO 9148 --- [           main] o.s.b.a.e.mvc.EndpointHandlerMapping     : Mapped "{[/autoconfig || /autoconfig.json],methods=[GET],produces=[application/json]}" onto public java.lang.Object org.springframework.boot.actuate.endpoint.mvc.EndpointMvcAdapter.invoke()
2017-10-15 17:59:17.784  INFO 9148 --- [           main] o.s.b.a.e.mvc.EndpointHandlerMapping     : Mapped "{[/env/{name:.*}],methods=[GET],produces=[application/json]}" onto public java.lang.Object org.springframework.boot.actuate.endpoint.mvc.EnvironmentMvcEndpoint.value(java.lang.String)
2017-10-15 17:59:17.785  INFO 9148 --- [           main] o.s.b.a.e.mvc.EndpointHandlerMapping     : Mapped "{[/env || /env.json],methods=[GET],produces=[application/json]}" onto public java.lang.Object org.springframework.boot.actuate.endpoint.mvc.EndpointMvcAdapter.invoke()
2017-10-15 17:59:17.786  INFO 9148 --- [           main] o.s.b.a.e.mvc.EndpointHandlerMapping     : Mapped "{[/configprops || /configprops.json],methods=[GET],produces=[application/json]}" onto public java.lang.Object org.springframework.boot.actuate.endpoint.mvc.EndpointMvcAdapter.invoke()
2017-10-15 17:59:17.787  INFO 9148 --- [           main] o.s.b.a.e.mvc.EndpointHandlerMapping     : Mapped "{[/health || /health.json],produces=[application/json]}" onto public java.lang.Object org.springframework.boot.actuate.endpoint.mvc.HealthMvcEndpoint.invoke(java.security.Principal)
2017-10-15 17:59:17.795  INFO 9148 --- [           main] o.s.b.a.e.mvc.EndpointHandlerMapping     : Mapped "{[/beans || /beans.json],methods=[GET],produces=[application/json]}" onto public java.lang.Object org.springframework.boot.actuate.endpoint.mvc.EndpointMvcAdapter.invoke()
2017-10-15 17:59:17.800  INFO 9148 --- [           main] o.s.b.a.e.mvc.EndpointHandlerMapping     : Mapped "{[/features || /features.json],methods=[GET],produces=[application/json]}" onto public java.lang.Object org.springframework.boot.actuate.endpoint.mvc.EndpointMvcAdapter.invoke()
2017-10-15 17:59:17.802  INFO 9148 --- [           main] o.s.b.a.e.mvc.EndpointHandlerMapping     : Mapped "{[/resume || /resume.json],methods=[POST]}" onto public java.lang.Object org.springframework.cloud.endpoint.GenericPostableMvcEndpoint.invoke()
2017-10-15 17:59:17.809  INFO 9148 --- [           main] o.s.b.a.e.mvc.EndpointHandlerMapping     : Mapped "{[/refresh || /refresh.json],methods=[POST]}" onto public java.lang.Object org.springframework.cloud.endpoint.GenericPostableMvcEndpoint.invoke()
2017-10-15 17:59:17.810  INFO 9148 --- [           main] o.s.b.a.e.mvc.EndpointHandlerMapping     : Mapped "{[/pause || /pause.json],methods=[POST]}" onto public java.lang.Object org.springframework.cloud.endpoint.GenericPostableMvcEndpoint.invoke()
2017-10-15 17:59:17.825  INFO 9148 --- [           main] o.s.b.a.e.mvc.EndpointHandlerMapping     : Mapped "{[/metrics/{name:.*}],methods=[GET],produces=[application/json]}" onto public java.lang.Object org.springframework.boot.actuate.endpoint.mvc.MetricsMvcEndpoint.value(java.lang.String)
2017-10-15 17:59:17.826  INFO 9148 --- [           main] o.s.b.a.e.mvc.EndpointHandlerMapping     : Mapped "{[/metrics || /metrics.json],methods=[GET],produces=[application/json]}" onto public java.lang.Object org.springframework.boot.actuate.endpoint.mvc.EndpointMvcAdapter.invoke()
2017-10-15 17:59:17.828  INFO 9148 --- [           main] o.s.b.a.e.mvc.EndpointHandlerMapping     : Mapped "{[/info || /info.json],methods=[GET],produces=[application/json]}" onto public java.lang.Object org.springframework.boot.actuate.endpoint.mvc.EndpointMvcAdapter.invoke()
2017-10-15 17:59:17.829  INFO 9148 --- [           main] o.s.b.a.e.mvc.EndpointHandlerMapping     : Mapped "{[/archaius || /archaius.json],methods=[GET],produces=[application/json]}" onto public java.lang.Object org.springframework.boot.actuate.endpoint.mvc.EndpointMvcAdapter.invoke()
2017-10-15 17:59:17.831  INFO 9148 --- [           main] o.s.b.a.e.mvc.EndpointHandlerMapping     : Mapped "{[/mappings || /mappings.json],methods=[GET],produces=[application/json]}" onto public java.lang.Object org.springframework.boot.actuate.endpoint.mvc.EndpointMvcAdapter.invoke()
2017-10-15 17:59:17.836  INFO 9148 --- [           main] o.s.b.a.e.mvc.EndpointHandlerMapping     : Mapped "{[/heapdump || /heapdump.json],methods=[GET],produces=[application/octet-stream]}" onto public void org.springframework.boot.actuate.endpoint.mvc.HeapdumpMvcEndpoint.invoke(boolean,javax.servlet.http.HttpServletRequest,javax.servlet.http.HttpServletResponse) throws java.io.IOException,javax.servlet.ServletException
2017-10-15 17:59:18.512  INFO 9148 --- [           main] o.s.ui.freemarker.SpringTemplateLoader   : SpringTemplateLoader for FreeMarker: using resource loader [org.springframework.boot.context.embedded.AnnotationConfigEmbeddedWebApplicationContext@17550481: startup date [Sun Oct 15 17:59:07 EDT 2017]; parent: org.springframework.context.annotation.AnnotationConfigApplicationContext@383534aa] and template loader path [classpath:/templates/]
2017-10-15 17:59:18.517  INFO 9148 --- [           main] o.s.w.s.v.f.FreeMarkerConfigurer         : ClassTemplateLoader for Spring macros added to FreeMarker configuration
2017-10-15 17:59:19.047  WARN 9148 --- [           main] c.n.c.sources.URLConfigurationSource     : No URLs will be polled as dynamic configuration sources.
2017-10-15 17:59:19.047  INFO 9148 --- [           main] c.n.c.sources.URLConfigurationSource     : To enable URLs as dynamic configuration sources, define System property archaius.configurationSource.additionalUrls or make config.properties available on classpath.
2017-10-15 17:59:19.095  WARN 9148 --- [           main] c.n.c.sources.URLConfigurationSource     : No URLs will be polled as dynamic configuration sources.
2017-10-15 17:59:19.096  INFO 9148 --- [           main] c.n.c.sources.URLConfigurationSource     : To enable URLs as dynamic configuration sources, define System property archaius.configurationSource.additionalUrls or make config.properties available on classpath.
2017-10-15 17:59:19.293  INFO 9148 --- [           main] o.s.j.e.a.AnnotationMBeanExporter        : Registering beans for JMX exposure on startup
2017-10-15 17:59:19.319  INFO 9148 --- [           main] o.s.j.e.a.AnnotationMBeanExporter        : Bean with name 'refreshScope' has been autodetected for JMX exposure
2017-10-15 17:59:19.354  INFO 9148 --- [           main] o.s.j.e.a.AnnotationMBeanExporter        : Bean with name 'environmentManager' has been autodetected for JMX exposure
2017-10-15 17:59:19.358  INFO 9148 --- [           main] o.s.j.e.a.AnnotationMBeanExporter        : Bean with name 'configurationPropertiesRebinder' has been autodetected for JMX exposure
2017-10-15 17:59:19.360  INFO 9148 --- [           main] o.s.j.e.a.AnnotationMBeanExporter        : Bean with name 'refreshEndpoint' has been autodetected for JMX exposure
2017-10-15 17:59:19.368  INFO 9148 --- [           main] o.s.j.e.a.AnnotationMBeanExporter        : Bean with name 'restartEndpoint' has been autodetected for JMX exposure
2017-10-15 17:59:19.375  INFO 9148 --- [           main] o.s.j.e.a.AnnotationMBeanExporter        : Located managed bean 'environmentManager': registering with JMX server as MBean [org.springframework.cloud.context.environment:name=environmentManager,type=EnvironmentManager]
2017-10-15 17:59:19.424  INFO 9148 --- [           main] o.s.j.e.a.AnnotationMBeanExporter        : Located managed bean 'restartEndpoint': registering with JMX server as MBean [org.springframework.cloud.context.restart:name=restartEndpoint,type=RestartEndpoint]
2017-10-15 17:59:19.450  INFO 9148 --- [           main] o.s.j.e.a.AnnotationMBeanExporter        : Located managed bean 'refreshScope': registering with JMX server as MBean [org.springframework.cloud.context.scope.refresh:name=refreshScope,type=RefreshScope]
2017-10-15 17:59:19.482  INFO 9148 --- [           main] o.s.j.e.a.AnnotationMBeanExporter        : Located managed bean 'configurationPropertiesRebinder': registering with JMX server as MBean [org.springframework.cloud.context.properties:name=configurationPropertiesRebinder,context=17550481,type=ConfigurationPropertiesRebinder]
2017-10-15 17:59:19.497  INFO 9148 --- [           main] o.s.j.e.a.AnnotationMBeanExporter        : Located managed bean 'refreshEndpoint': registering with JMX server as MBean [org.springframework.cloud.endpoint:name=refreshEndpoint,type=RefreshEndpoint]
2017-10-15 17:59:19.789  INFO 9148 --- [           main] o.s.c.support.DefaultLifecycleProcessor  : Starting beans in phase 0
2017-10-15 17:59:19.793  INFO 9148 --- [      Thread-10] o.s.c.n.e.server.EurekaServerBootstrap   : Setting the eureka configuration..
2017-10-15 17:59:19.793  INFO 9148 --- [           main] c.n.e.EurekaDiscoveryClientConfiguration : Registering application discovery-server with eureka with status UP
2017-10-15 17:59:19.793  INFO 9148 --- [      Thread-10] o.s.c.n.e.server.EurekaServerBootstrap   : Eureka data center value eureka.datacenter is not set, defaulting to default
2017-10-15 17:59:19.795  INFO 9148 --- [      Thread-10] o.s.c.n.e.server.EurekaServerBootstrap   : Eureka environment value eureka.environment is not set, defaulting to test
2017-10-15 17:59:19.795  INFO 9148 --- [           main] com.netflix.discovery.DiscoveryClient    : Saw local status change event StatusChangeEvent [timestamp=1508104759795, current=UP, previous=STARTING]
2017-10-15 17:59:19.800  INFO 9148 --- [nfoReplicator-0] com.netflix.discovery.DiscoveryClient    : DiscoveryClient_DISCOVERY-SERVER/DESKTOP-AB80SJP:discovery-server:8762: registering service...
2017-10-15 17:59:19.841  INFO 9148 --- [      Thread-10] o.s.c.n.e.server.EurekaServerBootstrap   : isAws returned false
2017-10-15 17:59:19.845  INFO 9148 --- [      Thread-10] o.s.c.n.e.server.EurekaServerBootstrap   : Initialized server context
2017-10-15 17:59:20.618  INFO 9148 --- [nfoReplicator-0] com.netflix.discovery.DiscoveryClient    : DiscoveryClient_DISCOVERY-SERVER/DESKTOP-AB80SJP:discovery-server:8762 - registration status: 204
2017-10-15 17:59:20.749  INFO 9148 --- [           main] s.b.c.e.t.TomcatEmbeddedServletContainer : Tomcat started on port(s): 8762 (http)
2017-10-15 17:59:20.763  INFO 9148 --- [           main] c.n.e.EurekaDiscoveryClientConfiguration : Updating port to 8762
2017-10-15 17:59:20.809  INFO 9148 --- [           main] c.g.petstore.DiscoveryServerApplication  : Started DiscoveryServerApplication in 17.099 seconds (JVM running for 18.16)
2017-10-15 17:59:21.102  INFO 9148 --- [nio-8762-exec-1] o.a.c.c.C.[Tomcat].[localhost].[/]       : Initializing Spring FrameworkServlet 'dispatcherServlet'
2017-10-15 17:59:21.102  INFO 9148 --- [nio-8762-exec-1] o.s.web.servlet.DispatcherServlet        : FrameworkServlet 'dispatcherServlet': initialization started
2017-10-15 17:59:21.172  INFO 9148 --- [nio-8762-exec-1] o.s.web.servlet.DispatcherServlet        : FrameworkServlet 'dispatcherServlet': initialization completed in 70 ms
2017-10-15 17:59:21.311  INFO 9148 --- [nio-8762-exec-2] c.n.e.registry.AbstractInstanceRegistry  : Registered instance CONFIG-SERVER/DESKTOP-AB80SJP:config-server:8888 with status UP (replication=true)
2017-10-15 17:59:21.311  INFO 9148 --- [nio-8762-exec-1] c.n.e.registry.AbstractInstanceRegistry  : Registered instance CONFIG-SERVER/DESKTOP-AB80SJP:config-server:8888 with status UP (replication=true)
2017-10-15 17:59:21.314  INFO 9148 --- [nio-8762-exec-2] c.n.e.registry.AbstractInstanceRegistry  : Registered instance DISCOVERY-SERVER/DESKTOP-AB80SJP:discovery-server:8762 with status UP (replication=true)
2017-10-15 17:59:21.314  INFO 9148 --- [nio-8762-exec-1] c.n.e.registry.AbstractInstanceRegistry  : Registered instance DISCOVERY-SERVER/DESKTOP-AB80SJP:discovery-server:8762 with status UP (replication=true)
2017-10-15 17:59:31.579  WARN 9148 --- [nio-8762-exec-4] c.n.e.registry.AbstractInstanceRegistry  : DS: Registry: lease doesn't exist, registering resource: DISCOVERY-SERVER - DESKTOP-AB80SJP:discovery-server:8761
2017-10-15 17:59:31.580  WARN 9148 --- [nio-8762-exec-4] c.n.eureka.resources.InstanceResource    : Not Found (Renew): DISCOVERY-SERVER - DESKTOP-AB80SJP:discovery-server:8761
2017-10-15 17:59:31.590  INFO 9148 --- [nio-8762-exec-5] c.n.e.registry.AbstractInstanceRegistry  : Registered instance DISCOVERY-SERVER/DESKTOP-AB80SJP:discovery-server:8761 with status UP (replication=false)
2017-10-15 17:59:36.871  INFO 9148 --- [nio-8762-exec-6] c.n.e.registry.AbstractInstanceRegistry  : Registered instance DISCOVERY-SERVER/DESKTOP-AB80SJP:discovery-server:8761 with status UP (replication=false)
2017-10-15 17:59:44.975  INFO 9148 --- [freshExecutor-0] com.netflix.discovery.DiscoveryClient    : Disable delta property : false
2017-10-15 17:59:44.976  INFO 9148 --- [freshExecutor-0] com.netflix.discovery.DiscoveryClient    : Single vip registry refresh property : null
2017-10-15 17:59:44.976  INFO 9148 --- [freshExecutor-0] com.netflix.discovery.DiscoveryClient    : Force full registry fetch : false
2017-10-15 17:59:44.976  INFO 9148 --- [freshExecutor-0] com.netflix.discovery.DiscoveryClient    : Application is null : false
2017-10-15 17:59:44.976  INFO 9148 --- [freshExecutor-0] com.netflix.discovery.DiscoveryClient    : Registered Applications size is zero : true
2017-10-15 17:59:44.976  INFO 9148 --- [freshExecutor-0] com.netflix.discovery.DiscoveryClient    : Application version is -1: false
2017-10-15 17:59:44.976  INFO 9148 --- [freshExecutor-0] com.netflix.discovery.DiscoveryClient    : Getting all instance registry info from the eureka server
2017-10-15 17:59:44.984  INFO 9148 --- [freshExecutor-0] com.netflix.discovery.DiscoveryClient    : The response status is 200
2017-10-15 17:59:48.621  INFO 9148 --- [nio-8762-exec-9] c.n.e.registry.AbstractInstanceRegistry  : Registered instance AUTH-SERVER/DESKTOP-AB80SJP:auth-server:9999 with status UP (replication=true)
2017-10-15 17:59:49.850  INFO 9148 --- [      Thread-10] c.n.e.registry.AbstractInstanceRegistry  : Registered instance DISCOVERY-SERVER/DESKTOP-AB80SJP:discovery-server:8762 with status UP (replication=true)
2017-10-15 17:59:49.851  INFO 9148 --- [      Thread-10] c.n.e.registry.AbstractInstanceRegistry  : Registered instance CONFIG-SERVER/DESKTOP-AB80SJP:config-server:8888 with status UP (replication=true)
2017-10-15 17:59:49.851  INFO 9148 --- [      Thread-10] c.n.e.r.PeerAwareInstanceRegistryImpl    : Got 2 instances from neighboring DS node
2017-10-15 17:59:49.851  INFO 9148 --- [      Thread-10] c.n.e.r.PeerAwareInstanceRegistryImpl    : Renew threshold is: 3
2017-10-15 17:59:49.852  INFO 9148 --- [      Thread-10] c.n.e.r.PeerAwareInstanceRegistryImpl    : Changing status to UP
2017-10-15 17:59:49.855  INFO 9148 --- [      Thread-10] e.s.EurekaServerInitializerConfiguration : Started Eureka Server
2017-10-15 18:00:49.853  INFO 9148 --- [a-EvictionTimer] c.n.e.registry.AbstractInstanceRegistry  : Running the evict task with compensationTime 0ms
2017-10-15 18:01:30.374  INFO 9148 --- [nio-8762-exec-2] c.n.e.registry.AbstractInstanceRegistry  : Registered instance USER-INTERFACE/DESKTOP-AB80SJP:user-interface:8080 with status UP (replication=true)
2017-10-15 18:01:49.853  INFO 9148 --- [a-EvictionTimer] c.n.e.registry.AbstractInstanceRegistry  : Running the evict task with compensationTime 0ms
2017-10-15 18:02:49.853  INFO 9148 --- [a-EvictionTimer] c.n.e.registry.AbstractInstanceRegistry  : Running the evict task with compensationTime 0ms
2017-10-15 18:03:49.853  INFO 9148 --- [a-EvictionTimer] c.n.e.registry.AbstractInstanceRegistry  : Running the evict task with compensationTime 0ms
2017-10-15 18:04:14.773  INFO 9148 --- [trap-executor-0] c.n.d.s.r.aws.ConfigClusterResolver      : Resolving eureka endpoints via configuration
2017-10-15 18:04:49.853  INFO 9148 --- [a-EvictionTimer] c.n.e.registry.AbstractInstanceRegistry  : Running the evict task with compensationTime 0ms
2017-10-15 18:05:49.854  INFO 9148 --- [a-EvictionTimer] c.n.e.registry.AbstractInstanceRegistry  : Running the evict task with compensationTime 0ms
2017-10-15 18:06:49.854  INFO 9148 --- [a-EvictionTimer] c.n.e.registry.AbstractInstanceRegistry  : Running the evict task with compensationTime 0ms
2017-10-15 18:07:49.855  INFO 9148 --- [a-EvictionTimer] c.n.e.registry.AbstractInstanceRegistry  : Running the evict task with compensationTime 0ms
2017-10-15 18:08:49.856  INFO 9148 --- [a-EvictionTimer] c.n.e.registry.AbstractInstanceRegistry  : Running the evict task with compensationTime 0ms
2017-10-15 18:09:14.775  INFO 9148 --- [trap-executor-0] c.n.d.s.r.aws.ConfigClusterResolver      : Resolving eureka endpoints via configuration
2017-10-15 18:09:49.856  INFO 9148 --- [a-EvictionTimer] c.n.e.registry.AbstractInstanceRegistry  : Running the evict task with compensationTime 0ms
2017-10-15 18:10:49.856  INFO 9148 --- [a-EvictionTimer] c.n.e.registry.AbstractInstanceRegistry  : Running the evict task with compensationTime 0ms
2017-10-15 18:11:49.856  INFO 9148 --- [a-EvictionTimer] c.n.e.registry.AbstractInstanceRegistry  : Running the evict task with compensationTime 0ms
2017-10-15 18:12:49.857  INFO 9148 --- [a-EvictionTimer] c.n.e.registry.AbstractInstanceRegistry  : Running the evict task with compensationTime 0ms
2017-10-15 18:13:49.858  INFO 9148 --- [a-EvictionTimer] c.n.e.registry.AbstractInstanceRegistry  : Running the evict task with compensationTime 0ms
2017-10-15 18:14:14.777  INFO 9148 --- [trap-executor-0] c.n.d.s.r.aws.ConfigClusterResolver      : Resolving eureka endpoints via configuration
2017-10-15 18:14:15.263  INFO 9148 --- [hresholdUpdater] c.n.e.r.PeerAwareInstanceRegistryImpl    : Current renewal threshold is : 8
2017-10-15 18:14:49.858  INFO 9148 --- [a-EvictionTimer] c.n.e.registry.AbstractInstanceRegistry  : Running the evict task with compensationTime 0ms
2017-10-15 18:15:49.858  INFO 9148 --- [a-EvictionTimer] c.n.e.registry.AbstractInstanceRegistry  : Running the evict task with compensationTime 0ms
2017-10-15 18:16:49.858  INFO 9148 --- [a-EvictionTimer] c.n.e.registry.AbstractInstanceRegistry  : Running the evict task with compensationTime 0ms
2017-10-15 18:17:49.859  INFO 9148 --- [a-EvictionTimer] c.n.e.registry.AbstractInstanceRegistry  : Running the evict task with compensationTime 0ms
2017-10-15 18:18:49.859  INFO 9148 --- [a-EvictionTimer] c.n.e.registry.AbstractInstanceRegistry  : Running the evict task with compensationTime 0ms
2017-10-15 18:19:14.778  INFO 9148 --- [trap-executor-0] c.n.d.s.r.aws.ConfigClusterResolver      : Resolving eureka endpoints via configuration
2017-10-15 18:19:49.859  INFO 9148 --- [a-EvictionTimer] c.n.e.registry.AbstractInstanceRegistry  : Running the evict task with compensationTime 0ms
2017-10-15 18:20:49.860  INFO 9148 --- [a-EvictionTimer] c.n.e.registry.AbstractInstanceRegistry  : Running the evict task with compensationTime 0ms
2017-10-15 18:21:49.861  INFO 9148 --- [a-EvictionTimer] c.n.e.registry.AbstractInstanceRegistry  : Running the evict task with compensationTime 0ms
2017-10-15 18:22:49.861  INFO 9148 --- [a-EvictionTimer] c.n.e.registry.AbstractInstanceRegistry  : Running the evict task with compensationTime 0ms
2017-10-15 18:23:49.861  INFO 9148 --- [a-EvictionTimer] c.n.e.registry.AbstractInstanceRegistry  : Running the evict task with compensationTime 0ms
2017-10-15 18:24:14.779  INFO 9148 --- [trap-executor-0] c.n.d.s.r.aws.ConfigClusterResolver      : Resolving eureka endpoints via configuration
2017-10-15 18:24:49.862  INFO 9148 --- [a-EvictionTimer] c.n.e.registry.AbstractInstanceRegistry  : Running the evict task with compensationTime 0ms
2017-10-15 18:25:49.871  INFO 9148 --- [a-EvictionTimer] c.n.e.registry.AbstractInstanceRegistry  : Running the evict task with compensationTime 9ms
2017-10-15 18:26:49.871  INFO 9148 --- [a-EvictionTimer] c.n.e.registry.AbstractInstanceRegistry  : Running the evict task with compensationTime 0ms
2017-10-15 18:27:49.872  INFO 9148 --- [a-EvictionTimer] c.n.e.registry.AbstractInstanceRegistry  : Running the evict task with compensationTime 0ms
2017-10-15 18:28:49.872  INFO 9148 --- [a-EvictionTimer] c.n.e.registry.AbstractInstanceRegistry  : Running the evict task with compensationTime 0ms
2017-10-15 18:28:49.872  INFO 9148 --- [a-EvictionTimer] c.n.e.registry.AbstractInstanceRegistry  : Evicting 1 items (expired=1, evictionLimit=1)
2017-10-15 18:28:49.872  WARN 9148 --- [a-EvictionTimer] c.n.e.registry.AbstractInstanceRegistry  : DS: Registry: expired lease for USER-INTERFACE/DESKTOP-AB80SJP:user-interface:8080
2017-10-15 18:28:49.883  INFO 9148 --- [a-EvictionTimer] c.n.e.registry.AbstractInstanceRegistry  : Cancelled instance USER-INTERFACE/DESKTOP-AB80SJP:user-interface:8080 (replication=false)
2017-10-15 18:29:14.780  INFO 9148 --- [trap-executor-0] c.n.d.s.r.aws.ConfigClusterResolver      : Resolving eureka endpoints via configuration
2017-10-15 18:29:15.260  INFO 9148 --- [hresholdUpdater] c.n.e.r.PeerAwareInstanceRegistryImpl    : Current renewal threshold is : 8
2017-10-15 18:29:49.872  INFO 9148 --- [a-EvictionTimer] c.n.e.registry.AbstractInstanceRegistry  : Running the evict task with compensationTime 0ms
2017-10-15 18:30:49.873  INFO 9148 --- [a-EvictionTimer] c.n.e.registry.AbstractInstanceRegistry  : Running the evict task with compensationTime 0ms
2017-10-15 18:31:49.873  INFO 9148 --- [a-EvictionTimer] c.n.e.registry.AbstractInstanceRegistry  : Running the evict task with compensationTime 0ms
2017-10-15 18:32:49.874  INFO 9148 --- [a-EvictionTimer] c.n.e.registry.AbstractInstanceRegistry  : Running the evict task with compensationTime 0ms
