[INFO] Scanning for projects...
[INFO]                                                                         
[INFO] ------------------------------------------------------------------------
[INFO] Building security 0.1-SNAPSHOT
[INFO] ------------------------------------------------------------------------
[INFO] 
[INFO] --- maven-clean-plugin:2.6.1:clean (default-clean) @ security ---
[INFO] Deleting C:\Development\pet-store-application\security\target
[INFO] 
[INFO] --- maven-resources-plugin:2.6:resources (default-resources) @ security ---
[INFO] Using 'UTF-8' encoding to copy filtered resources.
[INFO] Copying 1 resource
[INFO] Copying 1 resource
[INFO] 
[INFO] --- maven-compiler-plugin:3.1:compile (default-compile) @ security ---
[INFO] Changes detected - recompiling the module!
[INFO] Compiling 10 source files to C:\Development\pet-store-application\security\target\classes
[INFO] 
[INFO] --- maven-resources-plugin:2.6:testResources (default-testResources) @ security ---
[INFO] Using 'UTF-8' encoding to copy filtered resources.
[INFO] skip non existing resourceDirectory C:\Development\pet-store-application\security\src\test\resources
[INFO] 
[INFO] --- maven-compiler-plugin:3.1:testCompile (default-testCompile) @ security ---
[INFO] Nothing to compile - all classes are up to date
[INFO] 
[INFO] --- maven-surefire-plugin:2.18.1:test (default-test) @ security ---
[INFO] No tests to run.
[INFO] 
[INFO] --- maven-jar-plugin:2.6:jar (default-jar) @ security ---
[INFO] Building jar: C:\Development\pet-store-application\security\target\security-0.1-SNAPSHOT.jar
[INFO] 
[INFO] --- maven-install-plugin:2.5.2:install (default-install) @ security ---
[INFO] Installing C:\Development\pet-store-application\security\target\security-0.1-SNAPSHOT.jar to C:\Users\Gaurav\.m2\repository\com\gaurav\petstore\security\0.1-SNAPSHOT\security-0.1-SNAPSHOT.jar
[INFO] Installing C:\Development\pet-store-application\security\pom.xml to C:\Users\Gaurav\.m2\repository\com\gaurav\petstore\security\0.1-SNAPSHOT\security-0.1-SNAPSHOT.pom
[INFO] ------------------------------------------------------------------------
[INFO] BUILD SUCCESS
[INFO] ------------------------------------------------------------------------
[INFO] Total time: 3.091 s
[INFO] Finished at: 2017-10-10T06:51:44-04:00
[INFO] Final Memory: 29M/212M
[INFO] ------------------------------------------------------------------------
